{
  "stats": {
    "suites": 1,
    "tests": 4,
    "passes": 4,
    "pending": 0,
    "failures": 0,
    "start": "2024-04-07T19:02:22.372Z",
    "end": "2024-04-07T19:02:33.281Z",
    "duration": 10909,
    "testsRegistered": 4,
    "passPercent": 100,
    "pendingPercent": 0,
    "other": 0,
    "hasOther": false,
    "skipped": 0,
    "hasSkipped": false
  },
  "results": [
    {
      "uuid": "9be067c8-f25f-4994-9c05-4ddbbcc0279c",
      "title": "",
      "fullFile": "C:\\Users\\matheus.moura\\Documents\\Testes\\QAx\\projects\\codeceptjs-express-qa\\e2e\\tasks_test.js",
      "file": "\\e2e\\tasks_test.js",
      "beforeHooks": [],
      "afterHooks": [],
      "tests": [],
      "suites": [
        {
          "uuid": "4ab61519-baa7-45c5-b237-980e0810b6ea",
          "title": "tasks",
          "fullFile": "C:\\Users\\matheus.moura\\Documents\\Testes\\QAx\\projects\\codeceptjs-express-qa\\e2e\\tasks_test.js",
          "file": "\\e2e\\tasks_test.js",
          "beforeHooks": [
            {
              "title": "\"before all\" hook: codeceptjs.beforeSuite in \"tasks\"",
              "fullTitle": "tasks \"before all\" hook: codeceptjs.beforeSuite in \"tasks\"",
              "timedOut": false,
              "duration": 1243,
              "state": null,
              "speed": null,
              "pass": false,
              "fail": false,
              "pending": false,
              "context": null,
              "code": "scenario.suiteSetup(suite)",
              "err": {},
              "uuid": "0560fe06-a7b8-43c4-b451-e4bdb76119f9",
              "parentUUID": "4ab61519-baa7-45c5-b237-980e0810b6ea",
              "isHook": true,
              "skipped": false
            },
            {
              "title": "\"before each\" hook: codeceptjs.before in \"tasks\"",
              "fullTitle": "tasks \"before each\" hook: codeceptjs.before in \"tasks\"",
              "timedOut": false,
              "duration": 258,
              "state": null,
              "speed": null,
              "pass": false,
              "fail": false,
              "pending": false,
              "context": null,
              "code": "scenario.setup(suite)",
              "err": {},
              "uuid": "3f5bb0d8-a378-4a96-8d08-7148468b2e3c",
              "parentUUID": "4ab61519-baa7-45c5-b237-980e0810b6ea",
              "isHook": true,
              "skipped": false
            }
          ],
          "afterHooks": [
            {
              "title": "\"after all\" hook: codeceptjs.afterSuite in \"tasks\"",
              "fullTitle": "tasks \"after all\" hook: codeceptjs.afterSuite in \"tasks\"",
              "timedOut": false,
              "duration": 0,
              "state": null,
              "speed": null,
              "pass": false,
              "fail": false,
              "pending": false,
              "context": null,
              "code": "scenario.suiteTeardown(suite)",
              "err": {},
              "uuid": "568c04a9-4d77-49b0-8d36-f17de855b66b",
              "parentUUID": "4ab61519-baa7-45c5-b237-980e0810b6ea",
              "isHook": true,
              "skipped": false
            },
            {
              "title": "\"after each\" hook: finalize codeceptjs in \"tasks\"",
              "fullTitle": "tasks \"after each\" hook: finalize codeceptjs in \"tasks\"",
              "timedOut": false,
              "duration": 30,
              "state": null,
              "speed": null,
              "pass": false,
              "fail": false,
              "pending": false,
              "context": null,
              "code": "scenario.teardown(suite)",
              "err": {},
              "uuid": "d5a8c493-6a2e-40eb-b4aa-31071398d725",
              "parentUUID": "4ab61519-baa7-45c5-b237-980e0810b6ea",
              "isHook": true,
              "skipped": false
            }
          ],
          "tests": [
            {
              "title": "deve poder cadastrar uma nova tarefa | {\"name\":\"Fazer compras\"}",
              "fullTitle": "tasks: deve poder cadastrar uma nova tarefa | {\"name\":\"Fazer compras\"}",
              "timedOut": false,
              "duration": 1606,
              "state": "passed",
              "speed": "slow",
              "pass": true,
              "fail": false,
              "pending": false,
              "context": null,
              "code": "I, tasksPage, current }) => {\n  const taskName = current.name\n  I.deleteByHelper(taskName);\n  tasksPage.create(taskName);\n  tasksPage.haveTask(taskName);",
              "err": {},
              "uuid": "762ff41b-e798-4de3-91fe-2bfe08189089",
              "parentUUID": "4ab61519-baa7-45c5-b237-980e0810b6ea",
              "isHook": false,
              "skipped": false
            },
            {
              "title": "deve poder cadastrar uma nova tarefa | {\"name\":\"Estudar JavaScript\"}",
              "fullTitle": "tasks: deve poder cadastrar uma nova tarefa | {\"name\":\"Estudar JavaScript\"}",
              "timedOut": false,
              "duration": 1582,
              "state": "passed",
              "speed": "slow",
              "pass": true,
              "fail": false,
              "pending": false,
              "context": null,
              "code": "I, tasksPage, current }) => {\n  const taskName = current.name\n  I.deleteByHelper(taskName);\n  tasksPage.create(taskName);\n  tasksPage.haveTask(taskName);",
              "err": {},
              "uuid": "41b6806e-fb8d-4464-938d-bbf6803ba03e",
              "parentUUID": "4ab61519-baa7-45c5-b237-980e0810b6ea",
              "isHook": false,
              "skipped": false
            },
            {
              "title": "deve poder cadastrar uma nova tarefa | {\"name\":\"Ler um livro de node JS\"}",
              "fullTitle": "tasks: deve poder cadastrar uma nova tarefa | {\"name\":\"Ler um livro de node JS\"}",
              "timedOut": false,
              "duration": 2923,
              "state": "passed",
              "speed": "slow",
              "pass": true,
              "fail": false,
              "pending": false,
              "context": null,
              "code": "I, tasksPage, current }) => {\n  const taskName = current.name\n  I.deleteByHelper(taskName);\n  tasksPage.create(taskName);\n  tasksPage.haveTask(taskName);",
              "err": {},
              "uuid": "e7df0330-3737-4d57-9c2d-1d80e9211457",
              "parentUUID": "4ab61519-baa7-45c5-b237-980e0810b6ea",
              "isHook": false,
              "skipped": false
            },
            {
              "title": "não deve cadastrar uma nova tarefa com nome duplicado @task duplicada",
              "fullTitle": "tasks: não deve cadastrar uma nova tarefa com nome duplicado @task duplicada",
              "timedOut": false,
              "duration": 1642,
              "state": "passed",
              "speed": "slow",
              "pass": true,
              "fail": false,
              "pending": false,
              "context": null,
              "code": "I, tasksPage }) => {\n    const task = {\n      name: \"Pagar fatura do cartão\",\n      is_done: false,\n    };\n    I.deleteByHelper(task.name);\n    I.postTask(task);\n    tasksPage.create(task.name);\n    tasksPage.popUpHaveText(\"Task already exists!\");",
              "err": {},
              "uuid": "041faad8-430b-4439-8120-351743d4e765",
              "parentUUID": "4ab61519-baa7-45c5-b237-980e0810b6ea",
              "isHook": false,
              "skipped": false
            }
          ],
          "suites": [],
          "passes": [
            "762ff41b-e798-4de3-91fe-2bfe08189089",
            "41b6806e-fb8d-4464-938d-bbf6803ba03e",
            "e7df0330-3737-4d57-9c2d-1d80e9211457",
            "041faad8-430b-4439-8120-351743d4e765"
          ],
          "failures": [],
          "pending": [],
          "skipped": [],
          "duration": 7753,
          "root": false,
          "rootEmpty": false,
          "_timeout": 0
        }
      ],
      "passes": [],
      "failures": [],
      "pending": [],
      "skipped": [],
      "duration": 0,
      "root": true,
      "rootEmpty": true,
      "_timeout": 0
    }
  ],
  "meta": {
    "mocha": {
      "version": "10.4.0"
    },
    "mochawesome": {
      "options": {
        "quiet": false,
        "reportFilename": "mochawesome",
        "saveHtml": true,
        "saveJson": true,
        "consoleReporter": "spec",
        "useInlineDiffs": false,
        "code": true
      },
      "version": "7.1.3"
    },
    "marge": {
      "options": {
        "reportDir": "output"
      },
      "version": "6.2.0"
    }
  }
}